<?xml version="1.0" encoding="UTF-8"?>
<!-- Generated by org.testng.reporters.JUnitReportReporter -->
<testsuite skipped="0" name="net.openwritings.testng.NonParallelMethods" tests="2" failures="0" timestamp="29 Jun 2019 16:24:35 GMT" time="0.024" errors="0">
  <testcase name="testMethod2" time="0.003" classname="net.openwritings.testng.NonParallelMethods"/>
  <testcase name="testMethod1" time="0.021" classname="net.openwritings.testng.NonParallelMethods"/>
</testsuite> <!-- net.openwritings.testng.NonParallelMethods -->
