<?xml version="1.0" encoding="UTF-8"?>
<!-- Generated by org.testng.reporters.JUnitReportReporter -->
<testsuite skipped="0" name="net.openwritings.testng.StandardOutputTest" tests="6" failures="0" timestamp="28 Jun 2019 23:03:29 GMT" time="1.951" errors="0">
  <testcase name="testMethod1" time="0.871" classname="net.openwritings.testng.StandardOutputTest"/>
  <testcase name="testMethod1" time="0.316" classname="net.openwritings.testng.StandardOutputTest"/>
  <testcase name="testMethod1" time="0.617" classname="net.openwritings.testng.StandardOutputTest"/>
  <testcase name="testMethod2" time="0.060" classname="net.openwritings.testng.StandardOutputTest"/>
  <testcase name="testMethod2" time="0.015" classname="net.openwritings.testng.StandardOutputTest"/>
  <testcase name="testMethod2" time="0.072" classname="net.openwritings.testng.StandardOutputTest"/>
</testsuite> <!-- net.openwritings.testng.StandardOutputTest -->
