<?xml version="1.0" encoding="UTF-8"?>
<!-- Generated by org.testng.reporters.JUnitReportReporter -->
<testsuite skipped="0" name="net.openwritings.testng.AnnotationsExecutionOrder" tests="1" failures="0" timestamp="28 Jun 2019 22:23:56 GMT" time="2.355" errors="0">
  <testcase name="Test" time="2.355" classname="net.openwritings.testng.AnnotationsExecutionOrder"/>
</testsuite> <!-- net.openwritings.testng.AnnotationsExecutionOrder -->
