<?xml version="1.0" encoding="UTF-8"?>
<!-- Generated by org.testng.reporters.JUnitReportReporter -->
<testsuite skipped="0" name="net.openwritings.testng.TestException" tests="1" failures="0" timestamp="28 Jun 2019 23:27:24 GMT" time="0.037" errors="0">
  <testcase name="testException" time="0.037" classname="net.openwritings.testng.TestException"/>
</testsuite> <!-- net.openwritings.testng.TestException -->
