<?xml version="1.0" encoding="UTF-8"?>
<!-- Generated by org.testng.reporters.JUnitReportReporter -->
<testsuite skipped="0" name="net.openwritings.testng.privateex.ClassExampleTest" tests="1" failures="0" timestamp="29 Jun 2019 00:53:51 GMT" time="0.035" errors="0">
  <testcase name="privateFooTest" time="0.035" classname="net.openwritings.testng.privateex.ClassExampleTest"/>
</testsuite> <!-- net.openwritings.testng.privateex.ClassExampleTest -->
