<?xml version="1.0" encoding="UTF-8"?>
<!-- Generated by org.testng.reporters.JUnitReportReporter -->
<testsuite skipped="0" name="net.openwritings.testng.InvocationCountTest" tests="3" failures="0" timestamp="28 Jun 2019 21:58:04 GMT" time="3.062" errors="0">
  <testcase name="printTime" time="1.052" classname="net.openwritings.testng.InvocationCountTest"/>
  <testcase name="printTime" time="1.008" classname="net.openwritings.testng.InvocationCountTest"/>
  <testcase name="printTime" time="1.002" classname="net.openwritings.testng.InvocationCountTest"/>
</testsuite> <!-- net.openwritings.testng.InvocationCountTest -->
